<?xml version="1.0" encoding="UTF-8"?>
<Site BuildName="(empty)"
	BuildStamp="20220905-1457-Experimental"
	Name="(empty)"
	Generator="ctest-3.16.3"
	CompilerName=""
	CompilerVersion=""
	OSName="Linux"
	Hostname="t1201909758"
	OSRelease="5.15.0-46-generic"
	OSVersion="#49~20.04.1-Ubuntu SMP Thu Aug 4 19:15:44 UTC 2022"
	OSPlatform="x86_64"
	Is64Bits="1"
	VendorString="AuthenticAMD"
	VendorID="Advanced Micro Devices"
	FamilyID="23"
	ModelID="17"
	ProcessorCacheSize="512"
	NumberOfLogicalCPU="8"
	NumberOfPhysicalCPU="4"
	TotalVirtualMemory="2047"
	TotalPhysicalMemory="14924"
	LogicalProcessorsPerPhysical="2"
	ProcessorClockFrequency="3777.65"
	>
	<Testing>
		<StartDateTime>Sep 05 17:57 +03</StartDateTime>
		<StartTestTime>1662389862</StartTestTime>
		<TestList/>
		<EndDateTime>Sep 05 17:57 +03</EndDateTime>
		<EndTestTime>1662389862</EndTestTime>
		<ElapsedMinutes>0</ElapsedMinutes>
	</Testing>
</Site>
